<?xml version="1.0" encoding="UTF-8"?>
<testsuite xmlns:xsi="http://www.w3.org/2001/XMLSchema-instance" xsi:noNamespaceSchemaLocation="https://maven.apache.org/surefire/maven-surefire-plugin/xsd/surefire-test-report.xsd" version="3.0.2" name="uniquindio.edu.co.inmobiliaria.InmobiliariaApplicationTests" time="28.7" tests="1" errors="0" skipped="0" failures="0" flakes="0">
  <properties>
[...]
</properties>
  <testcase name="contextLoads" classname="uniquindio.edu.co.inmobiliaria.InmobiliariaApplicationTests" time="21.348">
    <system-out><![CDATA[11:45:38.185 [main] INFO org.springframework.test.context.support.AnnotationConfigContextLoaderUtils -- Could not detect default configuration classes for test class [uniquindio.edu.co.inmobiliaria.InmobiliariaApplicationTests]: InmobiliariaApplicationTests does not declare any static, non-private, non-final, nested classes annotated with @Configuration.
11:45:38.339 [main] INFO org.springframework.boot.test.context.SpringBootTestContextBootstrapper -- Found @SpringBootConfiguration uniquindio.edu.co.inmobiliaria.InmobiliariaApplication for test class uniquindio.edu.co.inmobiliaria.InmobiliariaApplicationTests
11:45:38.464 [main] INFO org.springframework.test.context.support.AnnotationConfigContextLoaderUtils -- Could not detect default configuration classes for test class [uniquindio.edu.co.inmobiliaria.InmobiliariaApplicationTests]: InmobiliariaApplicationTests does not declare any static, non-private, non-final, nested classes annotated with @Configuration.
11:45:38.467 [main] INFO org.springframework.boot.test.context.SpringBootTestContextBootstrapper -- Found @SpringBootConfiguration uniquindio.edu.co.inmobiliaria.InmobiliariaApplication for test class uniquindio.edu.co.inmobiliaria.InmobiliariaApplicationTests
11:45:38.587 [main] INFO org.springframework.boot.devtools.restart.RestartApplicationListener -- Restart disabled due to context in which it is running

  .   ____          _            __ _ _
 /\\ / ___'_ __ _ _(_)_ __  __ _ \ \ \ \
( ( )\___ | '_ | '_| | '_ \/ _` | \ \ \ \
 \\/  ___)| |_)| | | | | || (_| |  ) ) ) )
  '  |____| .__|_| |_|_| |_\__, | / / / /
 =========|_|==============|___/=/_/_/_/

 :: Spring Boot ::                (v4.0.6)

2026-05-15T11:45:38.911-05:00  INFO 200 --- [           main] u.e.c.i.InmobiliariaApplicationTests     : Starting InmobiliariaApplicationTests using Java 26.0.1 with PID 200 (started by johan in /home/johan/Documents/inmobiliaria)
2026-05-15T11:45:38.913-05:00  INFO 200 --- [           main] u.e.c.i.InmobiliariaApplicationTests     : No active profile set, falling back to 1 default profile: "default"
2026-05-15T11:45:40.047-05:00  INFO 200 --- [           main] .s.d.r.c.RepositoryConfigurationDelegate : Bootstrapping Spring Data JPA repositories in DEFAULT mode.
2026-05-15T11:45:40.132-05:00  INFO 200 --- [           main] .s.d.r.c.RepositoryConfigurationDelegate : Finished Spring Data repository scanning in 71 ms. Found 5 JPA repository interfaces.
2026-05-15T11:45:40.840-05:00  INFO 200 --- [           main] org.hibernate.orm.jpa                    : HHH008540: Processing PersistenceUnitInfo [name: default]
2026-05-15T11:45:40.921-05:00  INFO 200 --- [           main] org.hibernate.orm.core                   : HHH000001: Hibernate ORM core version 7.2.12.Final
2026-05-15T11:45:41.544-05:00  INFO 200 --- [           main] o.s.o.j.p.SpringPersistenceUnitInfo      : No LoadTimeWeaver setup: ignoring JPA class transformer
2026-05-15T11:45:41.600-05:00  INFO 200 --- [           main] com.zaxxer.hikari.HikariDataSource       : HikariPool-1 - Starting...
2026-05-15T11:45:41.863-05:00  INFO 200 --- [           main] com.zaxxer.hikari.pool.HikariPool        : HikariPool-1 - Added connection conn0: url=jdbc:h2:mem:inmobiliaria_test user=SA
2026-05-15T11:45:41.865-05:00  INFO 200 --- [           main] com.zaxxer.hikari.HikariDataSource       : HikariPool-1 - Start completed.
2026-05-15T11:45:41.926-05:00  INFO 200 --- [           main] org.hibernate.orm.connections.pooling    : HHH10001005: Database info:
	Database JDBC URL [jdbc:h2:mem:inmobiliaria_test]
	Database driver: H2 JDBC Driver
	Database dialect: H2Dialect
	Database version: 2.4.240
	Default catalog/schema: INMOBILIARIA_TEST/PUBLIC
	Autocommit mode: undefined/unknown
	Isolation level: READ_COMMITTED [default READ_COMMITTED]
	JDBC fetch size: 100
	Pool: DataSourceConnectionProvider
	Minimum pool size: undefined/unknown
	Maximum pool size: undefined/unknown
2026-05-15T11:45:43.072-05:00  INFO 200 --- [           main] org.hibernate.orm.core                   : HHH000489: No JTA platform available (set 'hibernate.transaction.jta.platform' to enable JTA platform integration)
2026-05-15T11:45:43.165-05:00  INFO 200 --- [           main] j.LocalContainerEntityManagerFactoryBean : Initialized JPA EntityManagerFactory for persistence unit 'default'
2026-05-15T11:45:43.279-05:00  INFO 200 --- [           main] o.s.d.j.r.query.QueryEnhancerFactories   : Hibernate is in classpath; If applicable, HQL parser will be used.
2026-05-15T11:45:44.241-05:00  WARN 200 --- [           main] JpaBaseConfiguration$JpaWebConfiguration : spring.jpa.open-in-view is enabled by default. Therefore, database queries may be performed during view rendering. Explicitly configure spring.jpa.open-in-view to disable this warning
2026-05-15T11:45:45.151-05:00  INFO 200 --- [           main] o.s.b.a.e.web.EndpointLinksResolver      : Exposing 1 endpoint beneath base path '/actuator'
2026-05-15T11:45:45.239-05:00  INFO 200 --- [           main] u.e.c.i.InmobiliariaApplicationTests     : Started InmobiliariaApplicationTests in 6.673 seconds (process running for 7.973)
]]></system-out>
    <system-err><![CDATA[Mockito is currently self-attaching to enable the inline-mock-maker. This will no longer work in future releases of the JDK. Please add Mockito as an agent to your build as described in Mockito's documentation: https://javadoc.io/doc/org.mockito/mockito-core/latest/org.mockito/org/mockito/Mockito.html#0.3
Mockito is currently self-attaching to enable the inline-mock-maker. This will no longer work in future releases of the JDK. Please add Mockito as an agent to your build as described in Mockito's documentation: https://javadoc.io/doc/org.mockito/mockito-core/latest/org.mockito/org/mockito/Mockito.html#0.3
]]></system-err>
  </testcase>
</testsuite>